<?xml version="1.0" encoding="UTF-8"?>
<testng-results skipped="0" failed="2" total="6" passed="4">
  <reporter-output>
  </reporter-output>
  <suite name="Default suite" duration-ms="100543" started-at="2016-03-15T18:25:22Z" finished-at="2016-03-15T18:27:02Z">
    <groups>
    </groups>
    <test name="Default test" duration-ms="100543" started-at="2016-03-15T18:25:22Z" finished-at="2016-03-15T18:27:02Z">
      <class name="Test_InterestsPage">
        <test-method status="PASS" signature="openBrowser()[pri:0, instance:Test_InterestsPage@1799640]" name="openBrowser" is-config="true" duration-ms="9395" started-at="2016-03-15T14:25:22Z" finished-at="2016-03-15T14:25:31Z">
          <reporter-output>
          </reporter-output>
        </test-method> <!-- openBrowser -->
        <test-method status="PASS" signature="POS_Test_SelectCompanies()[pri:0, instance:Test_InterestsPage@1799640]" name="POS_Test_SelectCompanies" duration-ms="11542" started-at="2016-03-15T14:25:31Z" finished-at="2016-03-15T14:25:42Z">
          <reporter-output>
          </reporter-output>
        </test-method> <!-- POS_Test_SelectCompanies -->
        <test-method status="PASS" signature="displayCounter(org.testng.ITestResult)[pri:0, instance:Test_InterestsPage@1799640]" name="displayCounter" is-config="true" duration-ms="3035" started-at="2016-03-15T14:25:42Z" finished-at="2016-03-15T14:25:46Z">
          <params>
            <param index="0">
              <value>
                <![CDATA[[TestResult name=POS_Test_SelectCompanies status=SUCCESS method=Test_InterestsPage.POS_Test_SelectCompanies()[pri:0, instance:Test_InterestsPage@1799640] output={null}]]]>
              </value>
            </param>
          </params>
          <reporter-output>
          </reporter-output>
        </test-method> <!-- displayCounter -->
        <test-method status="PASS" signature="POS_Test_SelectGroups()[pri:0, instance:Test_InterestsPage@1799640]" name="POS_Test_SelectGroups" duration-ms="4917" started-at="2016-03-15T14:25:46Z" finished-at="2016-03-15T14:25:50Z">
          <reporter-output>
          </reporter-output>
        </test-method> <!-- POS_Test_SelectGroups -->
        <test-method status="PASS" signature="displayCounter(org.testng.ITestResult)[pri:0, instance:Test_InterestsPage@1799640]" name="displayCounter" is-config="true" duration-ms="2281" started-at="2016-03-15T14:25:50Z" finished-at="2016-03-15T14:25:53Z">
          <params>
            <param index="0">
              <value>
                <![CDATA[[TestResult name=POS_Test_SelectGroups status=SUCCESS method=Test_InterestsPage.POS_Test_SelectGroups()[pri:0, instance:Test_InterestsPage@1799640] output={null}]]]>
              </value>
            </param>
          </params>
          <reporter-output>
          </reporter-output>
        </test-method> <!-- displayCounter -->
        <test-method status="FAIL" signature="POS_Test_SelectPulse()[pri:0, instance:Test_InterestsPage@1799640]" name="POS_Test_SelectPulse" duration-ms="7509" started-at="2016-03-15T14:25:53Z" finished-at="2016-03-15T14:26:00Z">
          <exception class="java.lang.AssertionError">
            <message>
              <![CDATA[expected [Is Uber redefining the work week? | Olivia Barrow | LinkedIn] but found [What’s Next, Mr Vijay Mallya? | Tamal Bandyopadhyay | LinkedIn]]]>
            </message>
            <full-stacktrace>
              <![CDATA[java.lang.AssertionError: expected [Is Uber redefining the work week? | Olivia Barrow | LinkedIn] but found [What’s Next, Mr Vijay Mallya? | Tamal Bandyopadhyay | LinkedIn]
	at org.testng.Assert.fail(Assert.java:94)
	at org.testng.Assert.failNotEquals(Assert.java:496)
	at org.testng.Assert.assertEquals(Assert.java:125)
	at org.testng.Assert.assertEquals(Assert.java:178)
	at org.testng.Assert.assertEquals(Assert.java:188)
	at Test_InterestsPage.POS_Test_SelectPulse(Test_InterestsPage.java:107)
	at sun.reflect.NativeMethodAccessorImpl.invoke0(Native Method)
	at sun.reflect.NativeMethodAccessorImpl.invoke(Unknown Source)
	at sun.reflect.DelegatingMethodAccessorImpl.invoke(Unknown Source)
	at java.lang.reflect.Method.invoke(Unknown Source)
	at org.testng.internal.MethodInvocationHelper.invokeMethod(MethodInvocationHelper.java:85)
	at org.testng.internal.Invoker.invokeMethod(Invoker.java:648)
	at org.testng.internal.Invoker.invokeTestMethod(Invoker.java:834)
	at org.testng.internal.Invoker.invokeTestMethods(Invoker.java:1142)
	at org.testng.internal.TestMethodWorker.invokeTestMethods(TestMethodWorker.java:124)
	at org.testng.internal.TestMethodWorker.run(TestMethodWorker.java:108)
	at org.testng.TestRunner.privateRun(TestRunner.java:771)
	at org.testng.TestRunner.run(TestRunner.java:621)
	at org.testng.SuiteRunner.runTest(SuiteRunner.java:357)
	at org.testng.SuiteRunner.runSequentially(SuiteRunner.java:352)
	at org.testng.SuiteRunner.privateRun(SuiteRunner.java:310)
	at org.testng.SuiteRunner.run(SuiteRunner.java:259)
	at org.testng.SuiteRunnerWorker.runSuite(SuiteRunnerWorker.java:52)
	at org.testng.SuiteRunnerWorker.run(SuiteRunnerWorker.java:86)
	at org.testng.TestNG.runSuitesSequentially(TestNG.java:1176)
	at org.testng.TestNG.runSuitesLocally(TestNG.java:1101)
	at org.testng.TestNG.run(TestNG.java:1009)
	at org.testng.remote.RemoteTestNG.run(RemoteTestNG.java:111)
	at org.testng.remote.RemoteTestNG.initAndRun(RemoteTestNG.java:204)
	at org.testng.remote.RemoteTestNG.main(RemoteTestNG.java:175)
]]>
            </full-stacktrace>
          </exception> <!-- java.lang.AssertionError -->
          <reporter-output>
          </reporter-output>
        </test-method> <!-- POS_Test_SelectPulse -->
        <test-method status="PASS" signature="displayCounter(org.testng.ITestResult)[pri:0, instance:Test_InterestsPage@1799640]" name="displayCounter" is-config="true" duration-ms="8139" started-at="2016-03-15T14:26:00Z" finished-at="2016-03-15T14:26:08Z">
          <params>
            <param index="0">
              <value>
                <![CDATA[[TestResult name=POS_Test_SelectPulse status=FAILURE method=Test_InterestsPage.POS_Test_SelectPulse()[pri:0, instance:Test_InterestsPage@1799640] output={null}]]]>
              </value>
            </param>
          </params>
          <reporter-output>
          </reporter-output>
        </test-method> <!-- displayCounter -->
        <test-method status="PASS" signature="POS_Test_SelectEducation()[pri:0, instance:Test_InterestsPage@1799640]" name="POS_Test_SelectEducation" duration-ms="11625" started-at="2016-03-15T14:26:08Z" finished-at="2016-03-15T14:26:20Z">
          <reporter-output>
          </reporter-output>
        </test-method> <!-- POS_Test_SelectEducation -->
        <test-method status="PASS" signature="displayCounter(org.testng.ITestResult)[pri:0, instance:Test_InterestsPage@1799640]" name="displayCounter" is-config="true" duration-ms="3373" started-at="2016-03-15T14:26:20Z" finished-at="2016-03-15T14:26:23Z">
          <params>
            <param index="0">
              <value>
                <![CDATA[[TestResult name=POS_Test_SelectEducation status=SUCCESS method=Test_InterestsPage.POS_Test_SelectEducation()[pri:0, instance:Test_InterestsPage@1799640] output={null}]]]>
              </value>
            </param>
          </params>
          <reporter-output>
          </reporter-output>
        </test-method> <!-- displayCounter -->
        <test-method status="PASS" signature="POS_Test_SelectSlideShare()[pri:0, instance:Test_InterestsPage@1799640]" name="POS_Test_SelectSlideShare" duration-ms="9425" started-at="2016-03-15T14:26:23Z" finished-at="2016-03-15T14:26:33Z">
          <reporter-output>
          </reporter-output>
        </test-method> <!-- POS_Test_SelectSlideShare -->
        <test-method status="PASS" signature="displayCounter(org.testng.ITestResult)[pri:0, instance:Test_InterestsPage@1799640]" name="displayCounter" is-config="true" duration-ms="3372" started-at="2016-03-15T14:26:33Z" finished-at="2016-03-15T14:26:36Z">
          <params>
            <param index="0">
              <value>
                <![CDATA[[TestResult name=POS_Test_SelectSlideShare status=SUCCESS method=Test_InterestsPage.POS_Test_SelectSlideShare()[pri:0, instance:Test_InterestsPage@1799640] output={null}]]]>
              </value>
            </param>
          </params>
          <reporter-output>
          </reporter-output>
        </test-method> <!-- displayCounter -->
        <test-method status="FAIL" signature="POS_Test_SelectOnlineLearning()[pri:0, instance:Test_InterestsPage@1799640]" name="POS_Test_SelectOnlineLearning" duration-ms="9376" started-at="2016-03-15T14:26:36Z" finished-at="2016-03-15T14:26:46Z">
          <exception class="java.lang.AssertionError">
            <message>
              <![CDATA[expected [Online Video Tutorials & Training at Lynda.com] but found [Online Video Tutorials & Training | Lynda.com]]]>
            </message>
            <full-stacktrace>
              <![CDATA[java.lang.AssertionError: expected [Online Video Tutorials & Training at Lynda.com] but found [Online Video Tutorials & Training | Lynda.com]
	at org.testng.Assert.fail(Assert.java:94)
	at org.testng.Assert.failNotEquals(Assert.java:496)
	at org.testng.Assert.assertEquals(Assert.java:125)
	at org.testng.Assert.assertEquals(Assert.java:178)
	at org.testng.Assert.assertEquals(Assert.java:188)
	at Test_InterestsPage.POS_Test_SelectOnlineLearning(Test_InterestsPage.java:140)
	at sun.reflect.NativeMethodAccessorImpl.invoke0(Native Method)
	at sun.reflect.NativeMethodAccessorImpl.invoke(Unknown Source)
	at sun.reflect.DelegatingMethodAccessorImpl.invoke(Unknown Source)
	at java.lang.reflect.Method.invoke(Unknown Source)
	at org.testng.internal.MethodInvocationHelper.invokeMethod(MethodInvocationHelper.java:85)
	at org.testng.internal.Invoker.invokeMethod(Invoker.java:648)
	at org.testng.internal.Invoker.invokeTestMethod(Invoker.java:834)
	at org.testng.internal.Invoker.invokeTestMethods(Invoker.java:1142)
	at org.testng.internal.TestMethodWorker.invokeTestMethods(TestMethodWorker.java:124)
	at org.testng.internal.TestMethodWorker.run(TestMethodWorker.java:108)
	at org.testng.TestRunner.privateRun(TestRunner.java:771)
	at org.testng.TestRunner.run(TestRunner.java:621)
	at org.testng.SuiteRunner.runTest(SuiteRunner.java:357)
	at org.testng.SuiteRunner.runSequentially(SuiteRunner.java:352)
	at org.testng.SuiteRunner.privateRun(SuiteRunner.java:310)
	at org.testng.SuiteRunner.run(SuiteRunner.java:259)
	at org.testng.SuiteRunnerWorker.runSuite(SuiteRunnerWorker.java:52)
	at org.testng.SuiteRunnerWorker.run(SuiteRunnerWorker.java:86)
	at org.testng.TestNG.runSuitesSequentially(TestNG.java:1176)
	at org.testng.TestNG.runSuitesLocally(TestNG.java:1101)
	at org.testng.TestNG.run(TestNG.java:1009)
	at org.testng.remote.RemoteTestNG.run(RemoteTestNG.java:111)
	at org.testng.remote.RemoteTestNG.initAndRun(RemoteTestNG.java:204)
	at org.testng.remote.RemoteTestNG.main(RemoteTestNG.java:175)
]]>
            </full-stacktrace>
          </exception> <!-- java.lang.AssertionError -->
          <reporter-output>
          </reporter-output>
        </test-method> <!-- POS_Test_SelectOnlineLearning -->
        <test-method status="PASS" signature="displayCounter(org.testng.ITestResult)[pri:0, instance:Test_InterestsPage@1799640]" name="displayCounter" is-config="true" duration-ms="7214" started-at="2016-03-15T14:26:46Z" finished-at="2016-03-15T14:26:53Z">
          <params>
            <param index="0">
              <value>
                <![CDATA[[TestResult name=POS_Test_SelectOnlineLearning status=FAILURE method=Test_InterestsPage.POS_Test_SelectOnlineLearning()[pri:0, instance:Test_InterestsPage@1799640] output={null}]]]>
              </value>
            </param>
          </params>
          <reporter-output>
          </reporter-output>
        </test-method> <!-- displayCounter -->
        <test-method status="PASS" signature="closeBrowser()[pri:0, instance:Test_InterestsPage@1799640]" name="closeBrowser" is-config="true" duration-ms="9310" started-at="2016-03-15T14:26:53Z" finished-at="2016-03-15T14:27:02Z">
          <reporter-output>
          </reporter-output>
        </test-method> <!-- closeBrowser -->
      </class> <!-- Test_InterestsPage -->
    </test> <!-- Default test -->
  </suite> <!-- Default suite -->
</testng-results>
